<?xml version="1.0" encoding="UTF-8"?>
<!-- Generated by org.testng.reporters.JUnitXMLReporter -->
<testsuite hostname="INCHLPT113" ignored="0" name="Default test(failed)" tests="3" failures="0" timestamp="20 Apr 2019 17:27:36 GMT" time="48.269" errors="0">
  <testcase name="fb_login_dataprovider" time="18.333" classname="DataprovideLearning.FBLogin"/>
  <testcase name="fb_login_dataprovider" time="14.16" classname="DataprovideLearning.FBLogin"/>
  <testcase name="fb_login_dataprovider" time="15.067" classname="DataprovideLearning.FBLogin"/>
</testsuite> <!-- Default test(failed) -->
